640.875000	0	522424	16	1
640.875000	0	522552	16	1
640.875000	0	522680	8	1
640.875000	0	522872	3	1
844.000000	0	6342216	16	0
1078.375000	0	663200	1	1
1125.250000	0	1022344	3	1
1140.875000	0	690400	13	1
1140.875000	0	690504	1	1
1140.875000	0	1382488	15	1
1140.875000	0	1382608	6	1
1187.750000	0	1797936	2	1
1219.000000	0	2774856	1	1
1234.625000	0	1799888	2	1
1250.250000	0	1797600	2	1
1297.125000	0	1799744	2	1
1359.625000	0	326824	1	1
1359.625000	0	1330992	1	1
1375.250000	0	1414376	1	1
1390.875000	0	810264	1	1
1406.500000	0	1002264	1	1
1422.125000	0	1076192	1	1
1422.125000	0	1087592	1	1
1422.125000	0	1159272	1	1
1422.125000	0	1302656	1	1
1672.125000	0	701568	7	1
1672.125000	0	701688	16	1
1672.125000	0	701816	16	1
1672.125000	0	701944	16	1
1672.125000	0	702072	16	1
1672.125000	0	702200	16	1
1672.125000	0	702328	16	1
1672.125000	0	702456	16	1
1672.125000	0	702584	16	1
1672.125000	0	702712	16	1
1687.750000	0	702840	16	1
1687.750000	0	702968	16	1
1687.750000	0	703096	16	1
1687.750000	0	703224	16	1
1687.750000	0	703352	16	1
1687.750000	0	703480	16	1
1687.750000	0	703608	16	1
1687.750000	0	703736	16	1
1687.750000	0	703864	16	1
1687.750000	0	703992	16	1
1687.750000	0	704120	16	1
1687.750000	0	704248	16	1
1687.750000	0	704376	16	1
1687.750000	0	704504	16	1
1687.750000	0	704632	16	1
1687.750000	0	704760	16	1
1687.750000	0	704888	16	1
1703.375000	0	705016	16	1
1703.375000	0	705144	4	1
1734.625000	0	559328	16	1
1734.625000	0	559456	16	1
1734.625000	0	559584	16	1
1734.625000	0	559712	15	1
1734.625000	0	559832	16	1
1734.625000	0	559960	16	1
1734.625000	0	560088	11	1
1734.625000	0	560256	2	1
1734.625000	0	560280	8	1
1734.625000	0	560344	7	1
1734.625000	0	560464	7	1
1765.875000	0	594928	16	1
1765.875000	0	595056	12	1
1781.500000	0	607072	9	1
1812.750000	0	616024	16	1
1812.750000	0	616152	16	1
1812.750000	0	616280	10	1
1812.750000	0	616424	13	1
1828.375000	0	616528	16	1
1828.375000	0	616656	13	1
1844.000000	0	2703120	1	0
1844.000000	0	2897824	1	0
1844.000000	0	6255776	4	0
1844.000000	0	81923688	7	0
1844.000000	0	146520	1	0
1844.000000	0	811344	1	0
1844.000000	0	81923792	1	0
1844.000000	0	81923632	1	0
1844.000000	0	81923656	4	0
1844.000000	0	593888	7	1
1859.625000	0	595568	15	1
1890.875000	0	1029752	4	1
1890.875000	0	1029848	2	1
1922.125000	0	566480	16	1
1922.125000	0	566608	16	1
1922.125000	0	566736	16	1
1922.125000	0	566864	15	1
1922.125000	0	566984	16	1
1922.125000	0	567112	16	1
1922.125000	0	567240	16	1
1922.125000	0	567368	16	1
1922.125000	0	567496	16	1
1937.750000	0	567624	15	1
1937.750000	0	567808	10	1
1937.750000	0	6255808	4	0
1937.750000	0	6176512	1	0
1937.750000	0	6176496	1	0
1937.750000	0	169952240	3	0
1937.750000	0	169866360	1	0
1937.750000	0	169866344	1	0
2047.125000	0	656824	7	1
2047.125000	0	773832	9	1
2062.750000	0	773904	8	1
2062.750000	0	303456	8	1
2062.750000	0	303520	16	1
2062.750000	0	303648	8	1
2078.375000	0	1186392	7	1
2078.375000	0	1186448	16	1
2078.375000	0	1186576	16	1
2078.375000	0	1186704	16	1
2078.375000	0	1186832	3	1
2125.250000	0	1264752	7	1
2140.875000	0	1258664	9	1
2140.875000	0	1258736	9	1
2140.875000	0	822184	7	1
2140.875000	0	822240	16	1
2140.875000	0	822368	3	1
2219.000000	0	585712	8	1
2219.000000	0	566152	1	1
2250.250000	0	944528	10	1
2250.250000	0	557240	6	1
2250.250000	0	557288	8	1
2265.875000	0	1356664	8	1
2265.875000	0	1356728	2	1
2297.125000	0	1235552	10	1
2297.125000	0	738496	6	1
2297.125000	0	738544	6	1
2312.750000	0	597704	16	1
2312.750000	0	597832	14	1
2312.750000	0	598008	4	1
2344.000000	0	666992	1	1
2359.625000	0	1174712	1	1
2359.625000	0	1174784	16	1
2359.625000	0	1174912	16	1
2375.250000	0	1175040	14	1
2375.250000	0	1175152	16	1
2375.250000	0	1175280	16	1
2375.250000	0	1175408	16	1
2375.250000	0	1175536	16	1
2375.250000	0	1175664	16	1
2375.250000	0	1175792	16	1
2375.250000	0	1175920	16	1
2375.250000	0	1176048	16	1
2375.250000	0	1176176	16	1
2375.250000	0	1176304	16	1
2375.250000	0	1176432	16	1
2375.250000	0	1176560	16	1
2375.250000	0	1176688	16	1
2375.250000	0	1176816	16	1
2375.250000	0	1176944	16	1
2375.250000	0	1177072	16	1
2375.250000	0	1177200	16	1
2390.875000	0	1177328	16	1
2390.875000	0	1177456	16	1
2390.875000	0	1177584	16	1
2390.875000	0	1177712	16	1
2390.875000	0	1177840	16	1
2390.875000	0	1177968	16	1
2390.875000	0	1178096	16	1
2390.875000	0	1178224	16	1
2390.875000	0	1178352	16	1
2390.875000	0	1178480	16	1
2390.875000	0	1178608	16	1
2390.875000	0	1178736	16	1
2390.875000	0	1178864	16	1
2390.875000	0	1178992	16	1
2390.875000	0	1179120	16	1
2390.875000	0	1179248	16	1
2390.875000	0	1179376	16	1
2390.875000	0	1179504	16	1
2390.875000	0	1179632	16	1
2406.500000	0	1179760	16	1
2406.500000	0	1179888	16	1
2406.500000	0	1180016	16	1
2406.500000	0	1180144	16	1
2406.500000	0	1180272	3	1
3875.250000	0	2774856	1	0
3875.250000	0	802808	1	0
3875.250000	0	892320	1	0
3875.250000	0	1433200	1	0
3890.875000	0	1843008	2	0
3890.875000	0	892344	2	0
3890.875000	0	673032	2	0
3890.875000	0	1842848	4	0
4890.875000	0	1798448	2	0
4890.875000	0	1798672	2	0
6297.125000	0	901320	1	0
6297.125000	0	6255840	1	0
6297.125000	0	6176520	1	0
6328.375000	0	901321	1	0
6328.375000	0	901322	1	0
6328.375000	0	152464	1	0
6328.375000	0	152466	1	0
6328.375000	0	152384	1	0
6328.375000	0	152386	1	0
6328.375000	0	151984	1	0
6328.375000	0	151986	1	0
6344.000000	0	149104	1	0
6344.000000	0	149106	1	0
6344.000000	0	148800	1	0
6344.000000	0	148802	1	0
6344.000000	0	143328	1	0
6344.000000	0	145576	1	0
6344.000000	0	143330	1	0
6344.000000	0	135984	1	0
6344.000000	0	135986	1	0
6344.000000	0	135784	1	0
6344.000000	0	135786	1	0
6344.000000	0	135400	1	0
6344.000000	0	135402	1	0
6344.000000	0	134640	1	0
6344.000000	0	134642	1	0
6344.000000	0	134064	1	0
6344.000000	0	134066	1	0
6344.000000	0	134048	1	0
6344.000000	0	134050	1	0
6344.000000	0	127696	1	0
6344.000000	0	6176512	1	0
6422.125000	0	901320	1	0
6422.125000	0	6255848	1	0
6422.125000	0	6176520	1	0
6453.375000	0	2772832	1	0
6453.375000	0	1746536	1	0
6453.375000	0	1746560	1	0
6453.375000	0	1746624	1	0
6453.375000	0	1746648	2	0
6453.375000	0	1746752	1	0
6453.375000	0	1746808	1	0
6453.375000	0	1600840	1	0
6453.375000	0	1601048	1	0
6453.375000	0	1601096	1	0
6453.375000	0	1601112	1	0
6453.375000	0	6176512	1	0
6500.250000	0	2772504	1	0
6500.250000	0	2772504	4	0
6500.250000	0	6176520	1	0
6515.875000	0	1746536	4	0
6515.875000	0	2772512	1	0
6515.875000	0	2772504	4	0
6515.875000	0	1601024	4	0
6515.875000	0	1601088	4	0
6515.875000	0	2772824	4	0
6515.875000	0	1746600	4	0
6515.875000	0	1600832	4	0
6531.500000	0	1746728	4	0
6531.500000	0	1746632	4	0
6531.500000	0	1746792	4	0
6531.500000	0	1601120	1	0
6531.500000	0	1601120	1	0
6531.500000	0	6176512	1	0
6578.375000	0	6176520	1	0
6578.375000	0	2772504	1	0
6594.000000	0	2772504	1	0
6594.000000	0	6176512	1	0
6609.625000	0	1433184	1	0
6609.625000	0	6176520	1	0
6625.250000	0	1433185	1	0
6625.250000	0	1433190	1	0
6640.875000	0	1378584	1	0
6640.875000	0	1378590	1	0
6640.875000	0	1382720	1	0
6640.875000	0	1382726	1	0
6640.875000	0	1382734	1	0
6640.875000	0	1376056	1	0
6640.875000	0	1376062	1	0
6640.875000	0	1375992	1	0
6640.875000	0	6176512	1	0
6656.500000	0	1433184	1	0
6656.500000	0	6255856	1	0
6656.500000	0	6176520	1	0
6687.750000	0	6176512	1	0
6703.375000	0	3178096	4	0
6703.375000	0	6176520	1	0
6719.000000	0	3192336	4	0
6719.000000	0	3178096	4	0
6719.000000	0	3193968	4	0
6719.000000	0	1824520	4	0
6719.000000	0	3395760	4	0
6719.000000	0	6176512	1	0
6781.500000	0	3178096	1	0
6781.500000	0	6176520	1	0
6937.750000	0	6255864	3	0
6937.750000	0	6176512	1	0
6937.750000	0	6176504	1	0
6937.750000	0	169952264	2	0
6937.750000	0	169866368	1	0
6937.750000	0	169866352	1	0
7375.250000	0	327682048	1	1
7390.875000	0	327682112	1	1
7390.875000	0	327682048	1	1
10015.875000	0	3672312	5	0
10015.875000	0	2196768	1	0
10015.875000	0	2196800	1	0
10015.875000	0	3672352	1	0
10015.875000	0	3717464	1	0
10015.875000	0	3730128	1	0
10015.875000	0	3731328	2	0
10015.875000	0	3731408	1	0
10078.375000	0	612978	6	1
10094.000000	0	3740056	1	0
10094.000000	0	3740057	1	0
10094.000000	0	6255888	1	0
10094.000000	0	6176520	1	0
10094.000000	0	506784	1	0
10094.000000	0	506792	1	0
10094.000000	0	6176512	1	0
10094.000000	0	1658896	1	0
10094.000000	0	1658904	1	0
10094.000000	0	6176520	1	0
10094.000000	0	3740056	1	0
10094.000000	0	3740057	1	0
10109.625000	0	3740056	1	0
10109.625000	0	3740057	1	0
10109.625000	0	6255896	1	0
10109.625000	0	6176512	1	0
10875.250000	0	4299600	5	0
10890.875000	0	6342344	7	0
10890.875000	0	170170888	1	0
10890.875000	0	6342400	9	0
11890.875000	0	6255904	1	0
11890.875000	0	189613400	1	0
11890.875000	0	4300048	9	0
11890.875000	0	6176520	1	0
11890.875000	0	2018432	1	0
11890.875000	0	81923504	1	0
11937.750000	0	6255912	3	0
11937.750000	0	6176512	1	0
11937.750000	0	6176496	1	0
11937.750000	0	169952280	3	0
11937.750000	0	169866360	1	0
11937.750000	0	169866344	1	0
12890.875000	0	2529440	1	0
12890.875000	0	994568	1	0
12890.875000	0	1131472	1	0
12890.875000	0	2536576	1	0
12890.875000	0	2550144	1	0
12890.875000	0	2567952	1	0
12890.875000	0	2620432	1	0
12890.875000	0	2749800	1	0
12890.875000	0	4250584	1	0
12890.875000	0	6307576	1	0
12890.875000	0	4094040	1	0
12890.875000	0	4097848	1	0
13890.875000	0	4098736	1	0
13890.875000	0	4106192	1	0
13890.875000	0	4140088	1	0
13890.875000	0	4142392	1	0
13890.875000	0	4148336	1	0
13890.875000	0	4151704	1	0
13890.875000	0	4284048	1	0
13890.875000	0	4503696	2	0
13890.875000	0	3019288	1	0
13890.875000	0	4063696	1	0
13890.875000	0	4086768	1	0
14890.875000	0	4098072	1	0
14890.875000	0	4299128	1	0
14890.875000	0	1088656	1	0
14890.875000	0	3743336	1	0
14890.875000	0	135408	1	0
14890.875000	0	901312	1	0
14890.875000	0	1351992	1	0
14890.875000	0	1442568	1	0
14890.875000	0	3097416	1	0
19297.125000	0	625762	1	1
19344.000000	0	625722	4	1
19890.875000	0	1026376	1	0
19890.875000	0	677440	1	0
20703.375000	0	6176512	1	0
20703.375000	0	6176520	1	0
20719.000000	0	6255968	1	0
20719.000000	0	6176512	1	0
20734.625000	0	326848	1	0
20734.625000	0	6176520	1	0
20750.250000	0	326832	1	0
20750.250000	0	6176512	1	0
20781.500000	0	6176520	1	0
21984.625000	0	6255976	3	0
21984.625000	0	6176512	1	0
21984.625000	0	6176496	1	0
22875.250000	0	1817584	1	0
23890.875000	0	782680	1	0
27031.500000	0	6256000	2	0
27031.500000	0	6176520	1	0
27031.500000	0	6176504	1	0
27890.875000	0	811344	1	0
28875.250000	0	1433200	1	0
32078.375000	0	6256016	3	0
32078.375000	0	6176512	1	0
32078.375000	0	6176496	1	0
33890.875000	0	81923688	1	0
33890.875000	0	81923712	1	0
33890.875000	0	81923728	1	0
33890.875000	0	81923672	2	0
34875.250000	0	3128144	1	0
36297.125000	0	348800	8	1
36297.125000	0	348912	8	1
37109.625000	0	6256040	4	0
37125.250000	0	6176520	1	0
37125.250000	0	6176504	1	0
37265.875000	0	327682048	1	1
37265.875000	0	327682112	1	1
37265.875000	0	327682048	1	1
40875.250000	0	6256072	3	0
40890.875000	0	6311472	1	0
40890.875000	0	6318680	2	0
40890.875000	0	6328640	1	0
41890.875000	0	326336	1	0
42125.250000	0	3356368	8	1
42125.250000	0	6256096	5	0
42125.250000	0	3352248	8	1
42125.250000	0	6176512	1	0
42125.250000	0	3352408	8	1
42125.250000	0	6176496	1	0
42140.875000	0	3352184	8	1
42140.875000	0	3352344	8	1
44890.875000	0	169952304	16	0
44890.875000	0	169952432	5	0
44890.875000	0	170170896	1	0
44890.875000	0	170171512	1	0
44890.875000	0	170174104	1	0
44890.875000	0	170175024	1	0
44890.875000	0	170177040	1	0
44890.875000	0	170182616	1	0
44890.875000	0	170183696	1	0
44890.875000	0	170183776	1	0
44890.875000	0	169866368	1	0
44890.875000	0	170184696	4	0
45328.375000	0	645596	3	1
45375.250000	0	539112	4	1
45375.250000	0	544376	4	1
45890.875000	0	170186048	1	0
45890.875000	0	170186568	10	0
45984.625000	0	192360808	1	0
46000.250000	0	169952472	3	0
46000.250000	0	169866360	1	0
46031.500000	0	192360816	1	0
46031.500000	0	169952496	1	0
46031.500000	0	169866368	1	0
46062.750000	0	192360816	1	0
46062.750000	0	169952504	1	0
46062.750000	0	169866360	1	0
46094.000000	0	192360824	1	0
46094.000000	0	169866368	1	0
46109.625000	0	192360824	1	0
46125.250000	0	169952512	1	0
46125.250000	0	169866360	1	0
46140.875000	0	192360824	1	0
46140.875000	0	169952520	1	0
46140.875000	0	169866368	1	0
46187.750000	0	192360832	1	0
46187.750000	0	169952528	2	0
46187.750000	0	169866360	1	0
46219.000000	0	169866368	1	0
46219.000000	0	169866360	1	0
46219.000000	0	192360832	1	0
46219.000000	0	192340632	1	0
46219.000000	0	169952544	1	0
46219.000000	0	169866368	1	0
46265.875000	0	169866360	1	0
46265.875000	0	192340632	1	0
46265.875000	0	169952552	1	0
46265.875000	0	169866368	1	0
46297.125000	0	169866360	1	0
46297.125000	0	169866368	1	0
46297.125000	0	192340632	1	0
46297.125000	0	169866360	1	0
46312.750000	0	169952560	1	0
46312.750000	0	169866368	1	0
46312.750000	0	169866360	1	0
46312.750000	0	192340632	1	0
46312.750000	0	169866368	1	0
46359.625000	0	541864	4	1
46359.625000	0	169952568	1	0
46359.625000	0	169866360	1	0
46359.625000	0	192340640	1	0
46359.625000	0	169866368	1	0
46406.500000	0	169952576	1	0
46406.500000	0	169866360	1	0
46406.500000	0	169866368	1	0
46406.500000	0	192340640	1	0
46406.500000	0	169866360	1	0
46437.750000	0	169952584	1	0
46437.750000	0	169866368	1	0
46437.750000	0	169866360	1	0
46437.750000	0	192340648	1	0
46437.750000	0	169866368	1	0
46469.000000	0	169952592	1	0
46469.000000	0	169866360	1	0
46469.000000	0	169866368	1	0
46469.000000	0	192340648	1	0
46469.000000	0	169866360	1	0
46500.250000	0	169866368	1	0
46500.250000	0	169866360	1	0
46500.250000	0	192340656	1	0
46500.250000	0	169952600	1	0
46500.250000	0	169866368	1	0
46531.500000	0	192340656	1	0
46531.500000	0	169952608	2	0
46531.500000	0	169866360	1	0
46562.750000	0	169866368	1	0
46562.750000	0	169866360	1	0
46609.625000	0	192340656	1	0
46609.625000	0	192337560	1	0
46609.625000	0	169952624	16	0
46609.625000	0	169952752	16	0
46609.625000	0	169952880	16	0
46609.625000	0	169953008	1	0
46609.625000	0	169866368	1	0
46687.750000	0	541896	4	1
46750.250000	0	192337560	1	0
46750.250000	0	169953016	16	0
46750.250000	0	169953144	16	0
46750.250000	0	169953272	16	0
46750.250000	0	169953400	16	0
46750.250000	0	169953528	16	0
46750.250000	0	169953656	16	0
46750.250000	0	169866360	1	0
46844.000000	0	170186688	1	0
46844.000000	0	188396560	1	0
46844.000000	0	189407064	1	0
46844.000000	0	189213296	1	0
46844.000000	0	189215184	1	0
46844.000000	0	189216496	1	0
46844.000000	0	189217192	2	0
46844.000000	0	189220128	1	0
46844.000000	0	189220736	1	0
46844.000000	0	189430968	1	0
46844.000000	0	170186704	1	0
46844.000000	0	189221136	1	0
46844.000000	0	189221728	1	0
46844.000000	0	189223176	1	0
46844.000000	0	189224800	1	0
46844.000000	0	189227480	1	0
46844.000000	0	189233888	1	0
46844.000000	0	189234928	1	0
46844.000000	0	170186720	2	0
46844.000000	0	170186752	1	0
46844.000000	0	170186768	2	0
46844.000000	0	170186792	2	0
46844.000000	0	170186816	3	0
46844.000000	0	170186848	1	0
46844.000000	0	170186864	1	0
46844.000000	0	170186880	3	0
46844.000000	0	170186912	2	0
46859.625000	0	170186960	5	0
46859.625000	0	170187024	4	0
46859.625000	0	170187088	2	0
46859.625000	0	170187112	1	0
46859.625000	0	170187128	2	0
46859.625000	0	170187160	1	0
46859.625000	0	170187184	8	0
46859.625000	0	170187256	7	0
46859.625000	0	170187328	3	0
46875.250000	0	192337560	1	0
46875.250000	0	169953784	16	0
46875.250000	0	169953912	16	0
46875.250000	0	169954040	16	0
46875.250000	0	169954168	13	0
46875.250000	0	169866368	1	0
47031.500000	0	192337568	1	0
47031.500000	0	169954272	16	0
47031.500000	0	169954400	16	0
47031.500000	0	169954528	14	0
47031.500000	0	169866360	1	0
47078.375000	0	901320	1	0
47078.375000	0	6256136	1	0
47078.375000	0	6176520	1	0
47109.625000	0	192337568	1	0
47109.625000	0	901321	1	0
47109.625000	0	169954640	16	0
47109.625000	0	152464	1	0
47109.625000	0	901322	1	0
47109.625000	0	169954768	16	0
47109.625000	0	152384	1	0
47109.625000	0	152466	1	0
47109.625000	0	169954896	7	0
47109.625000	0	151984	1	0
47109.625000	0	152386	1	0
47109.625000	0	169866368	1	0
47109.625000	0	149104	1	0
47109.625000	0	151986	1	0
47187.750000	0	148800	1	0
47187.750000	0	149106	1	0
47187.750000	0	6256144	3	0
47187.750000	0	145576	1	0
47187.750000	0	148802	1	0
47187.750000	0	6176512	1	0
47187.750000	0	6176504	1	0
47203.375000	0	143328	1	0
47203.375000	0	145578	1	0
47203.375000	0	143330	1	0
47203.375000	0	169954952	11	0
47203.375000	0	135984	1	0
47203.375000	0	169955040	1	0
47203.375000	0	135784	1	0
47203.375000	0	135986	1	0
47203.375000	0	169866352	1	0
47203.375000	0	135400	1	0
47203.375000	0	135786	1	0
47203.375000	0	135402	1	0
47203.375000	0	134640	1	0
47203.375000	0	6256168	1	0
47203.375000	0	6176520	1	0
47265.875000	0	192337568	1	0
47265.875000	0	901320	1	0
47265.875000	0	169955048	16	0
47265.875000	0	6176512	1	0
47265.875000	0	169955176	2	0
47312.750000	0	169866360	1	0
47328.375000	0	1746536	1	0
47359.625000	0	1746560	1	0
47359.625000	0	1746624	1	0
47359.625000	0	1746640	1	0
47359.625000	0	1746768	1	0
47359.625000	0	1746808	1	0
47359.625000	0	192337576	1	0
47359.625000	0	1600936	1	0
47359.625000	0	169955192	2	0
47359.625000	0	1601048	1	0
47359.625000	0	169866368	1	0
47359.625000	0	1601064	1	0
47406.500000	0	1601120	1	0
47406.500000	0	6176520	1	0
47437.750000	0	192337576	1	0
47437.750000	0	2772504	1	0
47437.750000	0	169955208	1	0
47437.750000	0	2772504	4	0
47437.750000	0	169866360	1	0
47437.750000	0	6176512	1	0
47484.625000	0	1746536	4	0
47484.625000	0	2772512	1	0
47484.625000	0	2772504	4	0
47500.250000	0	192337584	1	0
47500.250000	0	1601024	4	0
47500.250000	0	169955216	2	0
47500.250000	0	1601120	1	0
47500.250000	0	169866368	1	0
47500.250000	0	1746600	4	0
47562.750000	0	1746792	4	0
47562.750000	0	1746632	4	0
47562.750000	0	1600928	4	0
47562.750000	0	1746760	4	0
47562.750000	0	1601056	4	0
47562.750000	0	6176520	1	0
47562.750000	0	192268720	1	0
47562.750000	0	192337584	1	0
47609.625000	0	169955232	1	0
47609.625000	0	2772504	1	0
47609.625000	0	169866360	1	0
47609.625000	0	2772504	1	0
47640.875000	0	6176512	1	0
47656.500000	0	192268720	1	0
47656.500000	0	169955240	2	0
47656.500000	0	169866368	1	0
47703.375000	0	192268720	1	0
47703.375000	0	169955256	2	0
47703.375000	0	169866360	1	0
47734.625000	0	192268728	1	0
47734.625000	0	169955272	1	0
47734.625000	0	169866368	1	0
47765.875000	0	192268728	1	0
47765.875000	0	169955280	2	0
47765.875000	0	169866360	1	0
47797.125000	0	192268736	1	0
47797.125000	0	169955296	2	0
47797.125000	0	169866368	1	0
47828.375000	0	192268736	1	0
47828.375000	0	169955312	2	0
47828.375000	0	169866360	1	0
47859.625000	0	170187376	2	0
47859.625000	0	189236680	1	0
47859.625000	0	189239808	1	0
47859.625000	0	189241320	1	0
47859.625000	0	189242696	1	0
47859.625000	0	189244456	1	0
47859.625000	0	189245768	1	0
47859.625000	0	189247504	1	0
47859.625000	0	189250856	1	0
47875.250000	0	170187456	1	0
47875.250000	0	189251752	1	0
47875.250000	0	189252192	1	0
47875.250000	0	189253744	1	0
47875.250000	0	189256416	1	0
47875.250000	0	189257504	1	0
47875.250000	0	189258032	1	0
47875.250000	0	189258432	1	0
47875.250000	0	189261320	1	0
47875.250000	0	170187536	2	0
47875.250000	0	170187560	11	0
47875.250000	0	170187656	4	0
47875.250000	0	192268736	1	0
47875.250000	0	170187696	4	0
47875.250000	0	169955328	1	0
47875.250000	0	170187792	1	0
47875.250000	0	169866368	1	0
47875.250000	0	170170872	5	0
48000.250000	0	170170976	16	0
48000.250000	0	170171104	16	0
48000.250000	0	192268744	1	0
48000.250000	0	170171232	16	0
48000.250000	0	169955336	2	0
48000.250000	0	169866360	1	0
48047.125000	0	192268744	1	0
48062.750000	0	192262648	1	0
48062.750000	0	169955352	8	0
48062.750000	0	169866368	1	0
48187.750000	0	192262648	1	0
48187.750000	0	169955416	16	0
48187.750000	0	169955544	16	0
48187.750000	0	169955672	16	0
48187.750000	0	169955800	16	0
48187.750000	0	169955928	16	0
48187.750000	0	169956056	12	0
48187.750000	0	169956152	7	0
48281.500000	0	192262648	1	0
48281.500000	0	169956208	16	0
48281.500000	0	169956336	16	0
48281.500000	0	169956464	16	0
48281.500000	0	169956592	16	0
48281.500000	0	169956720	16	0
48281.500000	0	169956848	16	0
48297.125000	0	169956976	14	0
48297.125000	0	169866360	1	0
48359.625000	0	192262648	1	0
48359.625000	0	169957088	16	0
48375.250000	0	169957216	11	0
48375.250000	0	169866368	1	0
48500.250000	0	192262656	1	0
48500.250000	0	169957304	16	0
48500.250000	0	169957432	16	0
48500.250000	0	169957560	16	0
48500.250000	0	169957688	12	0
48500.250000	0	169866360	1	0
48625.250000	0	192262656	1	0
48625.250000	0	169957784	16	0
48625.250000	0	169957912	16	0
48625.250000	0	169958040	16	0
48625.250000	0	169958168	16	0
48625.250000	0	169958296	1	0
48640.875000	0	169866368	1	0
48672.125000	0	192262664	1	0
48672.125000	0	169958304	1	0
48672.125000	0	169866360	1	0
48703.375000	0	192262664	1	0
48703.375000	0	169958312	2	0
48719.000000	0	192262672	1	0
48719.000000	0	169958328	1	0
48719.000000	0	169866368	1	0
48750.250000	0	192262672	1	0
48750.250000	0	169958336	1	0
48750.250000	0	169866360	1	0
48781.500000	0	192262672	1	0
48781.500000	0	192258368	1	0
48781.500000	0	169958344	1	0
48781.500000	0	169866368	1	0
48828.375000	0	192258368	1	0
48828.375000	0	169958352	2	0
48828.375000	0	169866360	1	0
48859.625000	0	170171360	16	0
48859.625000	0	189262400	1	0
48859.625000	0	189263408	1	0
48859.625000	0	189265704	1	0
48859.625000	0	189267328	1	0
48859.625000	0	189269520	2	0
48859.625000	0	189272952	1	0
48859.625000	0	189274064	1	0
48859.625000	0	189275680	1	0
48859.625000	0	170171488	16	0
48859.625000	0	189279184	1	0
48859.625000	0	189280920	1	0
48859.625000	0	189282000	1	0
48859.625000	0	189282776	1	0
48859.625000	0	189282936	1	0
48859.625000	0	189284456	1	0
48875.250000	0	189285224	1	0
48875.250000	0	170171616	16	0
48875.250000	0	189286248	1	0
48875.250000	0	189286416	1	0
48875.250000	0	189292080	1	0
48875.250000	0	189296456	1	0
48875.250000	0	189297576	1	0
48875.250000	0	189298776	1	0
48875.250000	0	189300992	1	0
48875.250000	0	189305088	1	0
48875.250000	0	170171744	16	0
48875.250000	0	189297672	1	0
48875.250000	0	189300328	1	0
48875.250000	0	189307824	2	0
48875.250000	0	189310112	1	0
48875.250000	0	189311776	1	0
48875.250000	0	189313616	1	0
48875.250000	0	189315224	1	0
48875.250000	0	170171872	16	0
48875.250000	0	170172000	16	0
48890.875000	0	170172128	16	0
48890.875000	0	170172256	3	0
48890.875000	0	170173176	1	0
48890.875000	0	170173200	1	0
48890.875000	0	170173504	1	0
48890.875000	0	170173720	3	0
48890.875000	0	170173792	1	0
48890.875000	0	170173808	1	0
48890.875000	0	170173872	2	0
48890.875000	0	170173896	1	0
48890.875000	0	170173912	1	0
48890.875000	0	170173944	2	0
48890.875000	0	170173968	1	0
48906.500000	0	170174000	3	0
48906.500000	0	170174072	16	0
48906.500000	0	192258368	1	0
48906.500000	0	169958368	1	0
48906.500000	0	169866368	1	0
49062.750000	0	192258376	1	0
49062.750000	0	169958376	1	0
49062.750000	0	169866360	1	0
49172.125000	0	192258376	1	0
49172.125000	0	169958384	16	0
49172.125000	0	169958512	16	0
49172.125000	0	169958640	16	0
49172.125000	0	169958768	2	0
49172.125000	0	169866368	1	0
49234.625000	0	192258384	1	0
49234.625000	0	169958784	8	0
49234.625000	0	169866360	1	0
49297.125000	0	192258384	1	0
49297.125000	0	169958848	16	0
49297.125000	0	169958976	11	0
49297.125000	0	169866368	1	0
49328.375000	0	192258384	1	0
49328.375000	0	169959064	2	0
49328.375000	0	169866360	1	0
49390.875000	0	192258392	1	0
49390.875000	0	169959080	16	0
49406.500000	0	169959208	16	0
49406.500000	0	169959336	10	0
49406.500000	0	169866368	1	0
49437.750000	0	192258392	1	0
49437.750000	0	192215536	1	0
49437.750000	0	169959416	2	0
49437.750000	0	169866360	1	0
49500.250000	0	192215536	1	0
49500.250000	0	169959432	16	0
49500.250000	0	169959560	5	0
49500.250000	0	169866368	1	0
49547.125000	0	192215536	1	0
49547.125000	0	169959600	16	0
49547.125000	0	169959728	7	0
49547.125000	0	169866360	1	0
49594.000000	0	192215544	1	0
49594.000000	0	169959784	2	0
49594.000000	0	169866368	1	0
49625.250000	0	192215544	1	0
49625.250000	0	169959800	1	0
49625.250000	0	169866360	1	0
49656.500000	0	192215544	1	0
49656.500000	0	169959808	2	0
49656.500000	0	169866368	1	0
49703.375000	0	169959824	16	0
49703.375000	0	169959952	5	0
49703.375000	0	188405992	1	0
49703.375000	0	188413568	1	0
49703.375000	0	188420568	1	0
49703.375000	0	188421816	1	0
49703.375000	0	188423840	1	0
49703.375000	0	188425032	1	0
49703.375000	0	188426136	1	0
49703.375000	0	188428832	1	0
49703.375000	0	188429184	1	0
49703.375000	0	188430424	1	0
49703.375000	0	188434288	1	0
49719.000000	0	188434824	1	0
49719.000000	0	188435256	1	0
49719.000000	0	188436184	1	0
49719.000000	0	188437304	1	0
49719.000000	0	188438184	1	0
49719.000000	0	169866360	1	0
49719.000000	0	188438560	2	0
49719.000000	0	188439024	1	0
49719.000000	0	192215552	1	0
49719.000000	0	169959992	2	0
49719.000000	0	169866368	1	0
49844.000000	0	189218096	1	0
49844.000000	0	189221168	1	0
49844.000000	0	189241416	1	0
49844.000000	0	189258616	1	0
49844.000000	0	189276536	1	0
49844.000000	0	189297168	1	0
49844.000000	0	189297304	1	0
49844.000000	0	189297608	1	0
49844.000000	0	192215552	1	0
49844.000000	0	192730312	1	0
49859.625000	0	192731936	1	0
49859.625000	0	169960008	1	0
49859.625000	0	170174200	16	0
49859.625000	0	189209168	1	0
49859.625000	0	189242568	3	0
49859.625000	0	189297264	1	0
49859.625000	0	189386840	1	0
49859.625000	0	169866360	1	0
49859.625000	0	170174328	16	0
49859.625000	0	192734000	1	0
49859.625000	0	192736992	1	0
49859.625000	0	192745272	1	0
49859.625000	0	192747120	1	0
49859.625000	0	192750152	1	0
49859.625000	0	192750352	1	0
49859.625000	0	192753152	1	0
49859.625000	0	192755080	1	0
50015.875000	0	170174456	16	0
50015.875000	0	188074816	1	0
50015.875000	0	188078760	1	0
50015.875000	0	188079944	1	0
50015.875000	0	188081144	1	0
50015.875000	0	188082128	2	0
50015.875000	0	192759560	1	0
50015.875000	0	192760512	1	0
50015.875000	0	170174584	16	0
50015.875000	0	192215560	1	0
50015.875000	0	170174712	16	0
50015.875000	0	169960016	2	0
50015.875000	0	170174840	16	0
50015.875000	0	169866368	1	0
50015.875000	0	170174968	16	0
50094.000000	0	170175096	16	0
50094.000000	0	169866360	1	0
50094.000000	0	170175224	16	0
50094.000000	0	170175352	16	0
50094.000000	0	169866368	1	0
50109.625000	0	170175480	16	0
50109.625000	0	192215560	1	0
50109.625000	0	192187736	1	0
50109.625000	0	169960032	1	0
50109.625000	0	169866360	1	0
50140.875000	0	169866368	1	0
50140.875000	0	192187736	1	0
50140.875000	0	169960040	1	0
50140.875000	0	169866360	1	0
50172.125000	0	169866368	1	0
50172.125000	0	169866360	1	0
50172.125000	0	192187736	1	0
50172.125000	0	169960048	1	0
50172.125000	0	169866368	1	0
50203.375000	0	169866360	1	0
50219.000000	0	192187744	1	0
50219.000000	0	169866368	1	0
50234.625000	0	169960056	1	0
50234.625000	0	169866360	1	0
50234.625000	0	192187744	1	0
50234.625000	0	169866368	1	0
50265.875000	0	169866360	1	0
50265.875000	0	192187744	1	0
50265.875000	0	169960064	1	0
50265.875000	0	169866368	1	0
50297.125000	0	169866360	1	0
50297.125000	0	192187752	1	0
50297.125000	0	169866368	1	0
50312.750000	0	169960072	1	0
50312.750000	0	169866360	1	0
50328.375000	0	169866368	1	0
50328.375000	0	192187752	1	0
50328.375000	0	169866360	1	0
50344.000000	0	169960080	1	0
50359.625000	0	169866368	1	0
50359.625000	0	192187760	1	0
50359.625000	0	169866360	1	0
50390.875000	0	169866368	1	0
50390.875000	0	169866360	1	0
50390.875000	0	192187760	1	0
50390.875000	0	169960088	1	0
50390.875000	0	169866368	1	0
50422.125000	0	192187760	1	0
50422.125000	0	192166184	1	0
50422.125000	0	169960096	1	0
50422.125000	0	169866360	1	0
50469.000000	0	169866368	1	0
50469.000000	0	192166184	1	0
50469.000000	0	169960104	1	0
50484.625000	0	169866360	1	0
50515.875000	0	169866368	1	0
50515.875000	0	169866360	1	0
50515.875000	0	192166184	1	0
50515.875000	0	169960112	1	0
50515.875000	0	169866368	1	0
50562.750000	0	169866360	1	0
50562.750000	0	169866368	1	0
50562.750000	0	192166192	1	0
50562.750000	0	169960120	1	0
50562.750000	0	169866360	1	0
50594.000000	0	192166192	1	0
50594.000000	0	169960128	1	0
50594.000000	0	169866368	1	0
50625.250000	0	169960136	1	0
50625.250000	0	169866360	1	0
50640.875000	0	192166200	1	0
50640.875000	0	169866368	1	0
50656.500000	0	169866360	1	0
