26.214000	0	303574	1	0
26.214000	0	240840	1	0
78.643000	0	55596	1	1
117.964000	0	303581	1	0
117.964000	0	55596	1	0
530.841000	0	303588	1	0
530.841000	0	55596	1	0
550.502000	0	303595	1	0
550.502000	0	240840	1	0
602.931000	0	55602	1	1
648.806000	0	303602	1	0
648.806000	0	55602	1	0
910.950000	0	303609	1	0
910.950000	0	55602	1	0
930.611000	0	303616	1	0
930.611000	0	240840	1	0
983.040000	0	55608	1	1
1028.915000	0	303623	1	0
1028.915000	0	55608	1	0
1330.380000	0	303630	1	0
1330.380000	0	55608	1	0
1343.487000	0	303637	1	0
1343.487000	0	240840	1	0
1395.916000	0	55614	1	1
1441.792000	0	303644	1	0
1441.792000	0	55614	1	0
1723.596000	0	303651	1	0
1723.596000	0	55614	1	0
1736.704000	0	303658	1	0
1736.704000	0	240840	1	0
1769.472000	0	303665	1	0
1769.472000	0	206064	1	0
1769.472000	0	817767	1	0
1802.240000	0	55620	1	1
1808.793000	0	303672	1	0
1808.793000	0	361644	1	0
1808.793000	0	973347	1	0
1841.561000	0	303679	1	0
1841.561000	0	55620	1	0
1887.436000	0	840815	3	0
1939.865000	0	18046	1	0
1939.865000	0	287047	1	0
1946.419000	0	140946	1	0
1946.419000	0	211167	1	0
1946.419000	0	878231	1	0
1946.419000	0	1002245	1	0
1946.419000	0	725318	1	0
1946.419000	0	206064	1	0
1946.419000	0	817767	1	0
1946.419000	0	760114	1	0
1946.419000	0	303686	3	0
2070.937000	0	840815	1	0
2116.812000	0	303710	1	0
2116.812000	0	878231	1	0
2116.812000	0	1002245	1	0
2175.795000	0	269732	1	0
2175.795000	0	270734	1	0
2215.116000	0	269732	1	1
2221.670000	0	303713	1	0
2221.670000	0	55620	1	0
2234.777000	0	303720	1	0
2234.777000	0	878231	1	0
2234.777000	0	1002245	1	0
2267.545000	0	303723	1	0
2267.545000	0	240840	1	0
2319.974000	0	55638	1	1
2326.528000	0	146150	1	0
2333.081000	0	31682	1	0
2346.188000	0	269732	1	0
2346.188000	0	270734	1	0
2346.188000	0	450542	1	0
2346.188000	0	450542	1	0
2365.849000	0	303730	1	0
2365.849000	0	55638	1	0
2398.617000	0	146150	1	0
2398.617000	0	31682	1	0
2778.726000	0	303737	1	0
2778.726000	0	55638	1	0
2804.940000	0	303744	1	0
2804.940000	0	240840	1	0
2844.262000	0	55656	1	1
2883.584000	0	303751	1	0
2883.584000	0	55656	1	0
3224.371000	0	303758	1	0
3224.371000	0	55656	1	0
3224.371000	0	619165	1	1
3244.031000	0	303765	1	0
3244.031000	0	240840	1	0
3289.907000	0	55662	1	1
3329.228000	0	303772	1	0
3329.228000	0	55662	1	0
3565.158000	0	618195	1	1
3781.427000	0	303779	1	0
3781.427000	0	55662	1	0
3801.088000	0	303786	1	0
3807.641000	0	240840	1	0
3853.516000	0	55668	1	1
3866.624000	0	618773	1	1
3892.838000	0	303793	1	0
3892.838000	0	55668	1	0
4141.875000	0	303800	1	0
4141.875000	0	55668	1	0
4181.196000	0	303807	1	0
4187.750000	0	240840	1	0
4233.625000	0	55674	1	1
4272.947000	0	303814	1	0
4272.947000	0	55674	1	0
4731.699000	0	618167	1	1
4744.806000	0	303821	1	0
4744.806000	0	55674	1	0
4757.913000	0	618168	2	1
4764.467000	0	303828	1	0
4764.467000	0	240840	1	0
4810.342000	0	55692	1	1
4849.664000	0	303835	1	0
4849.664000	0	55692	1	0
5052.825000	0	617992	1	1
5151.129000	0	303842	1	0
5151.129000	0	55692	1	0
5170.790000	0	303849	1	0
5177.343000	0	240840	1	0
5223.219000	0	55698	1	1
5262.540000	0	303856	1	0
5262.540000	0	55698	1	0
5380.505000	0	618113	1	1
5603.328000	0	303863	1	0
5603.328000	0	55698	1	0
5622.988000	0	303870	1	0
5622.988000	0	240840	1	0
5668.864000	0	55704	1	1
5714.739000	0	617943	1	1
5714.739000	0	303877	1	0
5714.739000	0	55704	1	0
5839.257000	0	303884	1	0
5839.257000	0	206070	1	0
5839.257000	0	817773	1	0
5878.579000	0	303891	1	0
5878.579000	0	361650	1	0
5878.579000	0	973353	1	0
5970.329000	0	841315	3	0
6009.651000	0	16601	1	0
6009.651000	0	285602	1	0
6009.651000	0	140952	1	0
6009.651000	0	211173	1	0
6009.651000	0	878233	1	0
6009.651000	0	1002247	1	0
6009.651000	0	725319	1	0
6016.204000	0	206070	1	0
6016.204000	0	817773	1	0
6016.204000	0	760113	1	0
6022.758000	0	303898	3	0
6042.419000	0	303922	1	0
6042.419000	0	55704	1	0
6062.079000	0	303929	1	0
6062.079000	0	240840	1	0
6114.508000	0	55710	1	1
6121.062000	0	841315	1	0
6166.937000	0	303936	1	0
6166.937000	0	55710	1	0
6186.598000	0	303943	1	0
6186.598000	0	878233	1	0
6186.598000	0	1002247	1	0
6245.580000	0	269734	1	0
6245.580000	0	270736	1	0
6271.795000	0	269734	1	1
6278.348000	0	303946	1	0
6278.348000	0	878233	1	0
6278.348000	0	1002247	1	0
6284.902000	0	618773	1	1
6291.456000	0	303949	1	0
6291.456000	0	206076	1	0
6291.456000	0	817779	1	0
6356.992000	0	303956	1	0
6356.992000	0	361650	1	0
6363.545000	0	40071	1	1
6363.545000	0	973353	1	0
6383.206000	0	146350	1	0
6383.206000	0	31882	1	0
6402.867000	0	269734	1	0
6402.867000	0	270736	1	0
6409.420000	0	450544	1	0
6409.420000	0	450544	1	0
6409.420000	0	433573	1	1
6455.296000	0	146350	1	0
6455.296000	0	31882	1	0
6455.296000	0	84231	1	1
6527.385000	0	303963	1	0
6527.385000	0	55710	1	0
6566.707000	0	303970	1	0
6566.707000	0	240840	1	0
6586.368000	0	840315	3	0
6606.029000	0	55728	1	1
6651.904000	0	16601	1	0
6651.904000	0	285602	1	0
6658.457000	0	140958	1	0
6658.457000	0	211179	1	0
6658.457000	0	878235	1	0
6658.457000	0	1002249	1	0
6658.457000	0	725320	1	0
6658.457000	0	206076	1	0
6658.457000	0	817779	1	0
6658.457000	0	760113	1	0
6658.457000	0	303977	3	0
6737.100000	0	304001	1	0
6737.100000	0	55728	1	0
6782.976000	0	840315	1	0
6822.297000	0	304008	1	0
6822.297000	0	878235	1	0
6822.297000	0	1002249	1	0
6887.833000	0	269736	1	0
6887.833000	0	270738	1	0
6920.601000	0	269736	1	1
6920.601000	0	304011	1	0
6920.601000	0	878235	1	0
6920.601000	0	1002249	1	0
6953.369000	0	619112	1	1
7012.351000	0	304014	1	0
7012.351000	0	55728	1	0
7032.012000	0	146550	1	0
7032.012000	0	32082	1	0
7051.673000	0	304021	1	0
7051.673000	0	240840	1	0
7051.673000	0	269736	1	0
7051.673000	0	270738	1	0
7051.673000	0	450546	1	0
7051.673000	0	450546	1	0
7104.102000	0	55734	1	1
7117.209000	0	146550	1	0
7117.209000	0	32082	1	0
7149.977000	0	304028	1	0
7149.977000	0	55734	1	0
7897.088000	0	304035	1	0
7897.088000	0	55734	1	0
7923.302000	0	304042	1	0
7923.302000	0	240840	1	0
7975.731000	0	55740	1	1
8015.052000	0	304049	1	0
8015.052000	0	55740	1	0
8395.161000	0	304056	1	0
8395.161000	0	206082	1	0
8395.161000	0	817785	1	0
8421.376000	0	304063	1	0
8421.376000	0	55740	1	0
8441.037000	0	304070	1	0
8441.037000	0	240840	1	0
8460.697000	0	304077	1	0
8460.697000	0	361644	1	0
8460.697000	0	973347	1	0
8486.911000	0	55746	1	1
8532.787000	0	304084	1	0
8532.787000	0	55746	1	0
8572.109000	0	840815	3	0
8624.537000	0	20403	1	0
8624.537000	0	289404	1	0
8624.537000	0	140964	1	0
8624.537000	0	211185	1	0
8624.537000	0	878237	1	0
8624.537000	0	1002251	1	0
8631.091000	0	725321	1	0
8631.091000	0	206082	1	0
8631.091000	0	817785	1	0
8631.091000	0	760114	1	0
8631.091000	0	304091	3	0
8676.966000	0	619257	1	1
8703.181000	0	619194	1	1
8729.394000	0	624698	1	1
8742.502000	0	840815	1	0
8749.055000	0	625413	1	1
8775.270000	0	624273	1	1
8794.931000	0	619592	1	1
8801.485000	0	304115	1	0
8801.485000	0	878237	1	0
8801.485000	0	1002251	1	0
8834.252000	0	304118	1	0
8834.252000	0	55746	1	0
8860.466000	0	304125	1	0
8860.466000	0	240840	1	0
8860.466000	0	269738	1	0
8860.466000	0	270740	1	0
8880.127000	0	624558	1	1
8899.788000	0	269738	1	1
8906.342000	0	304132	1	0
8906.342000	0	878237	1	0
8906.342000	0	1002251	1	0
8912.896000	0	624862	1	1
8932.557000	0	55752	1	1
8939.110000	0	770748	1	1
8939.110000	0	447824	1	1
8991.539000	0	304135	1	0
8991.539000	0	55752	1	0
9043.968000	0	146150	1	0
9050.521000	0	31682	1	0
9070.182000	0	269738	1	0
9070.182000	0	270740	1	0
9070.182000	0	450548	1	0
9070.182000	0	450548	1	0
9122.611000	0	146150	1	0
9122.611000	0	31682	1	0
9135.718000	0	386238	1	1
9188.147000	0	43697	1	1
9234.022000	0	758692	1	1
9247.129000	0	304142	1	0
9247.129000	0	55752	1	0
9266.790000	0	444131	1	1
9286.451000	0	304149	1	0
9286.451000	0	240840	1	0
9345.433000	0	55758	1	1
9384.755000	0	107821	1	1
9391.308000	0	304156	1	0
9391.308000	0	55758	1	0
9450.291000	0	838506	1	0
9509.273000	0	107821	1	0
9509.273000	0	234342	1	0
9509.273000	0	205474	1	0
9614.131000	0	838506	1	0
9823.846000	0	304163	1	0
9823.846000	0	55758	1	0
9843.506000	0	304170	1	0
9843.506000	0	240840	1	0
9889.382000	0	55764	1	1
9935.257000	0	304177	1	0
9935.257000	0	55764	1	0
9961.471000	0	107349	1	1
10040.115000	0	107349	1	1
10066.329000	0	252068	1	1
10105.650000	0	252072	1	1
10131.865000	0	838506	1	0
10184.294000	0	304184	1	0
10184.294000	0	55764	1	0
10190.848000	0	107349	1	0
10190.848000	0	205487	1	0
10203.955000	0	304191	1	0
10203.955000	0	240840	1	0
10262.937000	0	838506	1	0
10269.491000	0	55770	1	1
10302.259000	0	304198	1	0
10302.259000	0	55770	1	0
10649.600000	0	304205	1	0
10649.600000	0	55770	1	0
10662.707000	0	304212	1	0
10662.707000	0	240840	1	0
10715.135000	0	55776	1	1
10747.903000	0	304219	1	0
10747.903000	0	55776	1	0
11186.995000	0	871567	1	1
11245.977000	0	871568	1	1
11265.638000	0	871570	1	1
11311.513000	0	871573	1	1
11331.174000	0	304226	1	0
11331.174000	0	55776	1	0
11344.281000	0	304233	1	0
11344.281000	0	240840	1	0
11357.388000	0	871571	1	1
11390.156000	0	55782	1	1
11396.710000	0	871574	1	1
11422.925000	0	871572	1	1
11429.478000	0	304240	1	0
11429.478000	0	55782	1	0
11442.585000	0	871574	1	1
11449.139000	0	871842	1	1
11475.353000	0	871843	1	1
11488.460000	0	871845	1	1
11508.121000	0	871846	1	1
11527.782000	0	871844	1	1
11553.997000	0	871845	1	1
11580.211000	0	871846	1	1
11593.318000	0	871845	1	1
11612.978000	0	871842	1	1
11645.747000	0	871848	1	1
11658.854000	0	871849	1	1
11678.515000	0	871849	1	1
11678.515000	0	304247	1	0
11678.515000	0	55782	1	0
11691.622000	0	871849	1	1
11711.283000	0	871847	1	1
11711.283000	0	304254	1	0
11711.283000	0	240840	1	0
11724.390000	0	871848	1	1
11744.051000	0	871848	1	1
11757.158000	0	871848	1	1
11770.265000	0	55788	1	1
11789.926000	0	871849	1	1
11809.587000	0	304261	1	0
11809.587000	0	55788	1	0
11809.587000	0	871844	1	1
11835.802000	0	871844	1	1
11855.462000	0	871845	1	1
11875.123000	0	871843	1	1
11907.891000	0	871850	1	1
11920.998000	0	871572	1	1
11966.873000	0	871842	1	1
11986.534000	0	871846	1	1
12006.195000	0	871847	1	1
12025.856000	0	871846	1	1
12038.963000	0	871847	1	1
12058.624000	0	871567	1	1
12084.838000	0	871569	1	1
12104.498000	0	871568	1	1
12117.606000	0	871569	1	1
12137.267000	0	871568	1	1
12150.374000	0	304268	1	0
12150.374000	0	206088	1	0
12150.374000	0	817791	1	0
12156.928000	0	871570	1	1
12183.142000	0	871850	1	1
12209.357000	0	304275	1	0
12209.357000	0	361644	1	0
12209.357000	0	973347	1	0
12268.339000	0	618223	1	1
12288.000000	0	871850	1	1
12314.214000	0	304282	1	0
12314.214000	0	55788	1	0
12340.428000	0	304289	1	0
12340.428000	0	240840	1	0
12379.750000	0	55794	1	1
12425.625000	0	304296	1	0
12425.625000	0	55794	1	0
12432.179000	0	841315	6	0
12523.929000	0	18055	1	0
12523.929000	0	287056	1	0
12523.929000	0	618435	1	1
12523.929000	0	19826	1	0
12523.929000	0	288827	1	0
12530.483000	0	140970	1	0
12530.483000	0	211191	1	0
12530.483000	0	878239	1	0
12530.483000	0	1002253	1	0
12530.483000	0	591387	1	0
12530.483000	0	591387	1	0
12530.483000	0	55932	1	0
12530.483000	0	591393	1	0
12530.483000	0	591393	1	0
12530.483000	0	304303	6	0
12628.787000	0	618662	1	1
12635.340000	0	55938	1	0
12635.340000	0	55944	1	0
12641.894000	0	206088	1	0
12641.894000	0	817791	1	0
12641.894000	0	760114	1	0
12700.877000	0	841315	1	0
12740.198000	0	304358	1	0
12740.198000	0	878239	1	0
12740.198000	0	1002253	1	0
12799.181000	0	269740	1	0
12799.181000	0	270742	1	0
12845.055000	0	269740	1	1
12845.055000	0	304361	1	0
12845.055000	0	878239	1	0
12845.055000	0	1002253	1	0
12969.574000	0	146350	1	0
12969.574000	0	31882	1	0
12982.681000	0	269740	1	0
12982.681000	0	270742	1	0
12989.234000	0	450550	1	0
12989.234000	0	450550	1	0
13028.556000	0	304364	1	0
13028.556000	0	146350	1	0
13028.556000	0	55794	1	0
13028.556000	0	31882	1	0
13080.986000	0	304371	1	0
13080.986000	0	240840	1	0
13094.092000	0	618509	1	1
13139.967000	0	55800	1	1
13172.736000	0	618510	2	1
13185.843000	0	304378	1	0
13185.843000	0	55800	1	0
13434.880000	0	304385	1	0
13434.880000	0	55800	1	0
13461.094000	0	304392	1	0
13461.094000	0	240840	1	0
13500.415000	0	55818	1	1
13539.737000	0	304399	1	0
13539.737000	0	55818	1	0
13631.487000	0	591387	1	1
13644.595000	0	304406	1	0
13644.595000	0	591387	1	0
13644.595000	0	591387	1	0
13690.470000	0	618898	1	1
13749.452000	0	618865	1	1
14077.133000	0	304413	1	0
14077.133000	0	591387	1	0
14077.133000	0	591387	1	0
14077.133000	0	618366	1	1
14096.793000	0	304420	1	0
14103.346000	0	55818	1	0
14109.900000	0	304427	1	0
14109.900000	0	753921	1	0
14116.454000	0	753921	1	0
14136.115000	0	304434	1	0
14136.115000	0	240840	1	0
14162.329000	0	618367	2	1
14175.436000	0	55824	1	1
14214.758000	0	304441	1	0
14214.758000	0	55824	1	0
14313.062000	0	617959	1	1
14358.937000	0	591393	1	1
14411.366000	0	304448	1	0
14411.366000	0	591393	1	0
14411.366000	0	591393	1	0
14496.562000	0	304455	1	0
14496.562000	0	55824	1	0
14516.223000	0	304462	1	0
14516.223000	0	240840	1	0
14535.884000	0	304469	1	0
14535.884000	0	591393	1	0
14535.884000	0	591393	1	0
14562.099000	0	304476	1	0
14562.099000	0	753921	1	0
14568.653000	0	753921	1	0
14575.206000	0	55830	1	1
14614.527000	0	304483	1	0
14614.527000	0	55830	1	0
14647.295000	0	618722	1	1
14902.886000	0	618093	1	1
15007.743000	0	304490	1	0
15007.743000	0	55830	1	0
15020.851000	0	304497	1	0
15020.851000	0	240840	1	0
15060.173000	0	618223	1	1
15066.726000	0	55836	1	1
15112.601000	0	304504	1	0
15112.601000	0	55836	1	0
15296.102000	0	618212	1	1
15368.191000	0	304511	1	0
15368.191000	0	55836	1	0
15387.852000	0	304518	1	0
15387.852000	0	240840	1	0
15427.174000	0	55842	1	1
15479.602000	0	304525	1	0
15479.602000	0	55842	1	0
15840.051000	0	304532	1	0
15840.051000	0	55842	1	0
15846.605000	0	619053	1	1
15872.818000	0	304539	1	0
15872.818000	0	240840	1	0
15892.479000	0	304546	1	0
15892.479000	0	206094	1	0
15892.479000	0	817797	1	0
15931.801000	0	55848	1	1
15931.801000	0	304553	1	0
15931.801000	0	206100	1	0
15931.801000	0	817803	1	0
15951.462000	0	304560	1	0
15951.462000	0	361650	1	0
15951.462000	0	973353	1	0
15977.676000	0	304567	1	0
15977.676000	0	361644	1	0
15977.676000	0	973347	1	0
15990.783000	0	304574	1	0
15990.783000	0	55848	1	0
16056.320000	0	840315	3	0
16102.195000	0	16601	1	0
16102.195000	0	285602	1	0
16102.195000	0	140976	1	0
16102.195000	0	211197	1	0
16102.195000	0	878241	1	0
16102.195000	0	1002255	1	0
16108.749000	0	725322	1	0
16108.749000	0	206094	1	0
16108.749000	0	817797	1	0
16108.749000	0	760113	1	0
16108.749000	0	304581	3	0
16226.713000	0	840315	1	0
16279.142000	0	304605	1	0
16279.142000	0	878241	1	0
16279.142000	0	1002255	1	0
16285.696000	0	840815	3	0
16311.910000	0	304608	1	0
16311.910000	0	55848	1	0
16325.017000	0	304615	1	0
16325.017000	0	240840	1	0
16338.125000	0	269742	1	0
16338.125000	0	270744	1	0
16344.678000	0	18046	1	0
16357.786000	0	287047	1	0
16357.786000	0	140982	1	0
16357.786000	0	211203	1	0
16357.786000	0	878243	1	0
16357.786000	0	1002257	1	0
16357.786000	0	725323	1	0
16357.786000	0	206100	1	0
16357.786000	0	817803	1	0
16357.786000	0	760114	1	0
16364.339000	0	304622	3	0
16370.893000	0	55854	1	1
16390.554000	0	269742	1	1
16397.108000	0	304646	1	0
16397.108000	0	878241	1	0
16397.108000	0	1002255	1	0
16423.320000	0	304649	1	0
16423.320000	0	55854	1	0
16456.089000	0	304656	1	0
16456.089000	0	206106	1	0
16456.089000	0	817809	1	0
16475.749000	0	840815	1	0
16541.286000	0	304663	1	0
16541.286000	0	878243	1	0
16541.286000	0	1002257	1	0
16547.840000	0	146550	1	0
16554.393000	0	32082	1	0
16554.393000	0	304666	1	0
16554.393000	0	361644	1	0
16554.393000	0	973347	1	0
16574.054000	0	269742	1	0
16574.054000	0	270744	1	0
16574.054000	0	450552	1	0
16574.054000	0	450552	1	0
16626.483000	0	146550	1	0
16626.483000	0	32082	1	0
16646.144000	0	269744	1	0
16646.144000	0	270746	1	0
16659.252000	0	269744	1	1
16659.252000	0	304673	1	0
16659.252000	0	878243	1	0
16659.252000	0	1002257	1	0
16692.018000	0	304676	1	0
16692.018000	0	55854	1	0
16698.572000	0	841315	3	0
16731.340000	0	304683	1	0
16731.340000	0	240840	1	0
16744.447000	0	140988	1	0
16744.447000	0	211209	1	0
16744.447000	0	878245	1	0
16744.447000	0	1002259	1	0
16744.447000	0	55950	1	0
16751.001000	0	206106	1	0
16751.001000	0	817809	1	0
16751.001000	0	760114	1	0
16751.001000	0	304690	3	0
16764.108000	0	146150	1	0
16764.108000	0	31682	1	0
16783.769000	0	269744	1	0
16783.769000	0	270746	1	0
16783.769000	0	450554	1	0
16783.769000	0	450554	1	0
16796.876000	0	55860	1	1
16868.967000	0	146150	1	0
16868.967000	0	31682	1	0
16868.967000	0	841315	1	0
16901.735000	0	304718	1	0
16901.735000	0	55860	1	0
16921.394000	0	304725	1	0
16921.394000	0	878245	1	0
16921.394000	0	1002259	1	0
16967.269000	0	269746	1	0
16967.269000	0	270748	1	0
17000.038000	0	304728	1	0
17000.038000	0	269746	1	1
17000.038000	0	878245	1	0
17006.591000	0	1002259	1	0
17111.450000	0	146350	1	0
17118.003000	0	31882	1	0
17137.664000	0	269746	1	0
17137.664000	0	270748	1	0
17137.664000	0	450556	1	0
17137.664000	0	450556	1	0
17183.538000	0	146350	1	0
17183.538000	0	31882	1	0
17196.645000	0	304731	1	0
17196.645000	0	206112	1	0
17196.645000	0	817815	1	0
17255.628000	0	304738	1	0
17255.628000	0	361644	1	0
17255.628000	0	973347	1	0
17373.594000	0	304745	1	0
17373.594000	0	55860	1	0
17380.147000	0	840315	6	0
17412.914000	0	304752	1	0
17412.914000	0	240840	1	0
17458.789000	0	55866	1	1
17465.343000	0	18023	1	0
17465.343000	0	287024	1	0
17465.343000	0	18062	1	0
17465.343000	0	287063	1	0
17465.343000	0	140994	1	0
17465.343000	0	211215	1	0
17465.343000	0	878247	1	0
17471.897000	0	1002261	1	0
17471.897000	0	591399	1	0
17471.897000	0	591399	1	0
17471.897000	0	55956	1	0
17471.897000	0	591405	1	0
17471.897000	0	591405	1	0
17471.897000	0	304759	6	0
17517.772000	0	304814	1	0
17517.772000	0	55866	1	0
17550.540000	0	55962	1	0
17550.540000	0	55968	1	0
17550.540000	0	206112	1	0
17550.540000	0	817815	1	0
17550.540000	0	760114	1	0
17609.523000	0	840315	1	0
17661.953000	0	591399	1	1
17661.953000	0	304821	1	0
17661.953000	0	878247	1	0
17668.504000	0	1002261	1	0
17688.165000	0	304824	1	0
17688.165000	0	591399	1	0
17688.165000	0	591399	1	0
17720.933000	0	269748	1	0
17720.933000	0	270750	1	0
17760.255000	0	269748	1	1
17760.255000	0	304831	1	0
17766.809000	0	878247	1	0
17766.809000	0	1002261	1	0
17773.363000	0	304834	1	0
17779.916000	0	591399	1	0
17779.916000	0	591399	1	0
17799.577000	0	304841	1	0
17799.577000	0	753921	1	0
17799.577000	0	753921	1	0
17871.667000	0	146550	1	0
17871.667000	0	32082	1	0
17897.882000	0	269748	1	0
17897.882000	0	270750	1	0
17897.882000	0	450558	1	0
17897.882000	0	450558	1	0
17924.095000	0	304848	1	0
17924.095000	0	55866	1	0
17943.756000	0	146550	1	0
17943.756000	0	32082	1	0
17956.863000	0	304855	1	0
17956.863000	0	240840	1	0
17983.078000	0	591405	1	1
18002.738000	0	55872	1	1
18015.846000	0	304862	1	0
18022.399000	0	591405	1	0
18022.399000	0	591405	1	0
18042.060000	0	304869	1	0
18048.614000	0	55872	1	0
18133.811000	0	304876	1	0
18133.811000	0	591405	1	0
18133.811000	0	591405	1	0
18153.472000	0	304883	1	0
18153.472000	0	753921	1	0
18153.472000	0	753921	1	0
18422.168000	0	304890	1	0
18422.168000	0	55872	1	0
18441.829000	0	304897	1	0
18441.829000	0	240840	1	0
18481.151000	0	55878	1	1
18527.027000	0	304904	1	0
18527.027000	0	55878	1	0
18795.724000	0	304911	1	0
18795.724000	0	55878	1	0
18821.939000	0	304918	1	0
18821.939000	0	240840	1	0
18861.261000	0	55884	1	1
18907.136000	0	304925	1	0
18907.136000	0	55884	1	0
19195.493000	0	304932	1	0
19195.493000	0	55884	1	0
19215.154000	0	304939	1	0
19221.708000	0	240840	1	0
19274.137000	0	55890	1	1
19320.013000	0	304946	1	0
19320.013000	0	55890	1	0
19785.318000	0	304953	1	0
19785.318000	0	55890	1	0
19811.533000	0	304960	1	0
19811.533000	0	240840	1	0
19850.854000	0	55896	1	1
19877.069000	0	62832	1	0
19877.069000	0	253140	1	0
19890.176000	0	304967	1	0
19890.176000	0	55896	1	0
20191.640000	0	253140	1	1
20217.855000	0	20506	1	1
20925.643000	0	327183	1	0
20984.626000	0	610735	1	0
21633.434000	0	367002	2	0
21633.434000	0	428733	2	0
21698.968000	0	59487	1	0
21698.968000	0	572511	1	0
21698.968000	0	253140	1	0
21698.968000	0	572098	1	0
21698.968000	0	75952	1	0
21698.968000	0	7000	1	0
21698.968000	0	80965	1	0
21698.968000	0	62837	2	0
21797.273000	0	367002	1	0
21797.273000	0	428733	1	0
21843.149000	0	149730	1	1
21843.149000	0	59487	1	1
21875.917000	0	149730	1	0
21882.471000	0	62855	1	0
21882.471000	0	59487	1	0
21882.471000	0	572511	1	0
21915.239000	0	205496	1	0
21915.239000	0	258923	1	0
21967.666000	0	258923	1	1
21974.220000	0	62861	1	0
21974.220000	0	59487	1	0
21974.220000	0	572511	1	0
21980.773000	0	253140	1	1
22026.649000	0	835506	2	0
22085.632000	0	347649	1	0
22085.632000	0	108629	1	0
22085.632000	0	258923	1	0
22085.632000	0	90542	1	0
22085.632000	0	234342	1	0
22085.632000	0	205498	2	0
22282.239000	0	835506	1	0
22419.866000	0	62867	1	0
22419.866000	0	253144	1	0
22845.850000	0	253144	1	1
22872.064000	0	20506	1	1
23376.691000	0	55896	1	1
23435.672000	0	304974	1	0
23435.672000	0	55896	1	0
24313.856000	0	367002	2	0
24313.856000	0	428733	2	0
24346.624000	0	59492	1	0
24346.624000	0	572516	1	0
24346.624000	0	253144	1	0
24346.624000	0	572098	1	0
24346.624000	0	75952	1	0
24346.624000	0	7000	1	0
24346.624000	0	80965	1	0
24353.178000	0	62872	2	0
24444.927000	0	367002	1	0
24444.927000	0	428733	1	0
24490.802000	0	149731	1	1
24497.356000	0	59492	1	1
24517.017000	0	62890	1	0
24517.017000	0	253148	1	0
24530.124000	0	149731	1	0
24536.678000	0	62895	1	0
24536.678000	0	59492	1	0
24536.678000	0	572516	1	0
24556.339000	0	205517	1	0
24556.339000	0	258924	1	0
24602.214000	0	258924	1	1
24615.322000	0	62901	1	0
24615.322000	0	59492	1	0
24615.322000	0	572516	1	0
24621.875000	0	253144	1	1
24661.197000	0	90546	1	1
24693.964000	0	835506	2	0
24752.946000	0	347649	1	0
24759.500000	0	108637	1	0
24759.500000	0	258924	1	0
24759.500000	0	90546	1	0
24759.500000	0	234342	1	0
24759.500000	0	205519	2	0
24929.893000	0	835506	1	0
25500.057000	0	253148	1	1
25526.271000	0	20506	1	1
26430.667000	0	317651	2	0
26463.436000	0	55896	1	1
26489.650000	0	610287	1	0
26522.418000	0	304981	1	0
26522.418000	0	55896	1	0
26581.401000	0	62907	1	0
26581.401000	0	253152	1	0
26928.743000	0	7004	1	1
26954.956000	0	367002	2	0
26954.956000	0	428733	2	0
26994.277000	0	59497	1	0
26994.277000	0	572521	1	0
27000.831000	0	253148	1	0
27000.831000	0	572098	1	0
27000.831000	0	75952	1	0
27000.831000	0	7004	1	0
27000.831000	0	80969	1	0
27000.831000	0	62912	2	0
27099.136000	0	367002	1	0
27099.136000	0	428733	1	0
27138.458000	0	149732	1	1
27145.011000	0	59497	1	1
27145.011000	0	253152	1	1
27171.226000	0	20507	1	1
27184.331000	0	149732	1	0
27190.885000	0	62930	1	0
27190.885000	0	59497	1	0
27190.885000	0	572521	1	0
27210.546000	0	205538	1	0
27217.100000	0	258925	1	0
27276.083000	0	258925	1	1
27282.636000	0	62936	1	0
27289.190000	0	59497	1	0
27289.190000	0	572521	1	0
27295.743000	0	253148	1	1
27328.512000	0	234346	1	1
27354.726000	0	835506	2	0
27413.709000	0	347649	1	0
27413.709000	0	108645	1	0
27413.709000	0	258925	1	0
27413.709000	0	90546	1	0
27413.709000	0	234346	1	0
27413.709000	0	205540	2	0
27590.656000	0	835506	1	0
27616.870000	0	3546	1	1
27649.639000	0	3558	1	1
27688.959000	0	572102	1	1
27734.834000	0	367002	2	0
27734.834000	0	428733	2	0
27774.156000	0	253152	1	0
27774.156000	0	59507	1	0
27774.156000	0	572531	1	0
27774.156000	0	59502	1	0
27774.156000	0	572526	1	0
27774.156000	0	572102	1	0
27780.710000	0	75956	1	0
27780.710000	0	7004	1	0
27780.710000	0	80969	1	0
27780.710000	0	62942	2	0
27846.246000	0	367002	1	0
27846.246000	0	428733	1	0
27879.015000	0	25887	1	1
27885.568000	0	59502	1	1
27918.336000	0	149733	1	0
27931.444000	0	62965	1	0
27931.444000	0	59502	1	0
27931.444000	0	572526	1	0
27957.656000	0	59507	1	1
27964.210000	0	445665	1	0
28023.193000	0	304988	1	0
28023.193000	0	4203	1	0
28023.193000	0	612639	1	0
28023.193000	0	149733	1	0
28062.515000	0	4203	1	1
28062.515000	0	25887	1	1
28069.068000	0	62971	1	0
28069.068000	0	59502	1	0
28075.622000	0	572526	1	0
28088.729000	0	22365	1	1
28088.729000	0	25887	1	0
28108.390000	0	149733	1	1
28114.944000	0	85578	1	1
28141.159000	0	149733	1	0
28154.266000	0	19958	1	1
28187.032000	0	85578	1	0
28272.230000	0	837815	3	0
28318.105000	0	20697	1	0
28318.105000	0	289698	1	0
28324.659000	0	19958	1	0
28324.659000	0	288959	1	0
28324.659000	0	141000	1	0
28324.659000	0	211221	1	0
28324.659000	0	878249	1	0
28324.659000	0	1002263	1	0
28324.659000	0	725324	1	0
28324.659000	0	4203	1	0
28324.659000	0	612639	1	0
28324.659000	0	304997	3	0
28442.623000	0	837815	1	0
28508.159000	0	305023	1	0
28508.159000	0	878249	1	0
28508.159000	0	1002263	1	0
28567.142000	0	269750	1	0
28567.142000	0	270752	1	0
28599.910000	0	269750	1	1
28599.910000	0	305026	1	0
28599.910000	0	878249	1	0
28606.464000	0	1002263	1	0
28632.679000	0	618086	1	1
28711.320000	0	146150	1	0
28711.320000	0	31682	1	0
28744.089000	0	269750	1	0
28744.089000	0	270752	1	0
28744.089000	0	450560	1	0
28744.089000	0	450560	1	0
28783.411000	0	146150	1	0
28783.411000	0	31682	1	0
29052.108000	0	618152	1	1
29556.736000	0	55896	1	1
29602.611000	0	305029	1	0
29609.165000	0	55896	1	0
29628.826000	0	91389	8	0
29700.914000	0	305036	1	0
29700.914000	0	55896	1	0
29759.897000	0	305043	1	0
29766.450000	0	240840	1	0
29818.880000	0	55902	1	1
29851.648000	0	305050	1	0
29858.202000	0	55902	1	0
29890.970000	0	305057	1	0
29890.970000	0	206118	1	0
29890.970000	0	817821	1	0
29930.292000	0	305064	1	0
29930.292000	0	361644	1	0
29930.292000	0	973347	1	0
30048.255000	0	840815	7	0
30153.114000	0	18437	1	0
30153.114000	0	287438	1	0
30153.114000	0	18085	1	0
30153.114000	0	287086	1	0
30153.114000	0	141006	1	0
30153.114000	0	211227	1	0
30153.114000	0	878251	1	0
30153.114000	0	1002265	1	0
30153.114000	0	591411	1	0
30159.667000	0	591411	1	0
30159.667000	0	591417	1	0
30159.667000	0	591417	1	0
30159.667000	0	55974	1	0
30159.667000	0	305071	7	0
30205.541000	0	305132	1	0
30205.541000	0	55902	1	0
