11.413000	0	657728	2	1
11.565000	0	31244784	8	1
11.721000	0	21868784	2	1
16.187000	0	34567136	8	1
18.256000	0	11813968	4	1
20.103000	0	32234560	2	1
20.836000	0	10741440	2	1
23.645000	0	23247248	2	1
24.237000	0	692176	2	1
34.911000	0	32234576	2	1
35.066000	0	23043232	2	1
36.930000	0	983392	2	1
54.179000	0	21389536	8	1
54.423000	0	21389600	4	1
54.632000	0	32570576	8	1
54.857000	0	21389664	2	1
56.275000	0	19176544	2	1
65.649000	0	31552896	8	1
71.732000	0	34567200	8	1
75.406000	0	23043296	2	1
79.526000	0	19273056	8	1
79.683000	0	22189200	2	1
81.334000	0	31552960	8	1
82.857000	0	34491536	2	1
83.065000	0	8604256	2	1
84.734000	0	21389680	2	1
85.731000	0	23312336	2	1
94.326000	0	19410688	6	1
98.980000	0	11814000	8	1
104.839000	0	30701824	2	1
104.993000	0	30878928	2	1
105.151000	0	19273120	4	1
105.309000	0	19273248	4	1
105.469000	0	22189216	2	1
106.773000	0	8604288	2	1
110.451000	0	23247264	8	1
110.614000	0	22389344	6	1
110.775000	0	23247328	4	1
110.936000	0	32570640	4	1
123.107000	0	21688688	2	1
129.205000	0	8745312	2	1
132.861000	0	21679168	4	1
140.927000	0	30386064	2	1
144.270000	0	693472	2	1
144.400000	0	23216352	8	1
144.533000	0	20882400	2	1
144.667000	0	23216416	6	1
144.806000	0	22178944	8	1
144.944000	0	22179008	2	1
146.591000	0	22966384	2	1
148.788000	0	552192	2	1
154.909000	0	12395600	6	1
157.152000	0	19410736	8	1
157.604000	0	22966496	4	1
167.554000	0	19410800	2	1
168.493000	0	12395648	8	1
169.269000	0	21677136	2	1
173.840000	0	13194384	2	1
185.676000	0	30689136	2	1
191.901000	0	552208	8	1
192.034000	0	552272	4	1
194.701000	0	32291664	2	1
195.214000	0	30687088	2	1
202.427000	0	21390144	2	1
217.055000	0	23216464	2	1
217.621000	0	11814064	4	1
220.808000	0	21868832	2	1
221.169000	0	24656304	2	1
221.696000	0	10282320	8	1
225.729000	0	13970896	4	1
228.953000	0	21068800	4	1
236.123000	0	31243584	2	1
242.427000	0	21868912	2	1
245.894000	0	31073616	2	1
246.506000	0	10282384	8	1
246.729000	0	21987648	2	1
253.610000	0	31243600	8	1
253.850000	0	13970928	8	1
254.076000	0	31243664	6	1
254.303000	0	13970992	4	1
258.265000	0	21800288	2	1
260.205000	0	21068832	8	1
260.438000	0	21068896	4	1
263.442000	0	30579568	2	1
264.618000	0	694768	2	1
268.733000	0	518256	2	1
269.837000	0	189088	2	1
276.275000	0	32249408	2	1
276.426000	0	22368208	2	1
280.628000	0	31927488	2	1
285.027000	0	22189376	2	1
285.188000	0	21687680	2	1
288.010000	0	25719808	2	1
288.172000	0	23191056	2	1
293.614000	0	31477440	6	1
295.840000	0	22646656	4	1
302.772000	0	22646688	8	1
305.602000	0	24867168	4	1
305.828000	0	23191152	2	1
306.680000	0	31927504	8	1
306.939000	0	31927568	4	1
312.763000	0	30673088	2	1
312.983000	0	8746896	2	1
318.197000	0	30503056	2	1
329.358000	0	189104	8	1
330.375000	0	189168	4	1
330.538000	0	30502640	2	1
330.838000	0	22646752	4	1
331.762000	0	21869056	2	1
332.805000	0	694992	2	1
333.731000	0	30286848	2	1
336.005000	0	24867200	8	1
344.710000	0	19733120	6	1
344.942000	0	32877408	4	1
346.671000	0	18950528	8	1
347.049000	0	21389696	8	1
347.287000	0	21389760	4	1
347.521000	0	21389888	2	1
350.457000	0	21869136	2	1
352.844000	0	18233232	2	1
354.779000	0	30812176	2	1
362.587000	0	22189616	2	1
362.744000	0	21710880	2	1
362.906000	0	21064672	2	1
363.921000	0	8747024	2	1
369.514000	0	24867264	4	1
372.985000	0	34834336	8	1
373.145000	0	18950592	8	1
376.676000	0	30529456	2	1
377.815000	0	11762640	4	1
377.979000	0	155312	2	1
380.037000	0	22189648	2	1
381.219000	0	30714448	2	1
381.813000	0	23510832	2	1
384.110000	0	30942832	2	1
397.539000	0	30665040	2	1
397.702000	0	22966688	8	1
399.320000	0	22966752	4	1
399.483000	0	21710896	2	1
399.795000	0	8747120	2	1
400.482000	0	30872336	2	1
403.807000	0	19881600	2	1
408.199000	0	25546336	8	1
411.950000	0	155328	6	1
412.864000	0	31017648	2	1
415.923000	0	32234592	6	1
416.175000	0	19733168	8	1
417.932000	0	30900176	2	1
418.477000	0	22966784	4	1
425.736000	0	30862592	2	1
425.867000	0	11762672	8	1
428.151000	0	13194848	2	1
436.338000	0	30578560	2	1
443.918000	0	21786832	2	1
444.946000	0	12395728	2	1
445.528000	0	21064688	2	1
447.713000	0	13194912	2	1
447.853000	0	25546400	8	1
449.720000	0	31482992	8	1
449.969000	0	21710928	2	1
454.840000	0	21994448	2	1
455.063000	0	20485888	4	1
455.292000	0	666976	2	1
457.346000	0	34246576	2	1
459.346000	0	21869328	2	1
459.504000	0	21837744	2	1
459.962000	0	30566256	2	1
461.072000	0	30623472	2	1
465.838000	0	31397648	2	1
467.057000	0	12395744	8	1
467.830000	0	22358544	2	1
475.292000	0	31007088	2	1
475.775000	0	32234688	2	1
478.703000	0	12395808	6	1
483.124000	0	32672080	2	1
483.283000	0	30528016	2	1
483.571000	0	32782656	2	1
486.325000	0	30697440	2	1
497.510000	0	31024384	2	1
497.667000	0	8748192	2	1
497.805000	0	30837088	2	1
498.656000	0	31471392	2	1
500.186000	0	11762736	4	1
502.441000	0	19733232	2	1
503.594000	0	34324528	8	1
507.446000	0	13971152	6	1
508.533000	0	20767360	2	1
512.794000	0	30602912	2	1
513.139000	0	31051312	2	1
515.875000	0	21064704	2	1
517.887000	0	21069056	2	1
526.049000	0	14514128	2	1
527.796000	0	33106768	2	1
527.952000	0	19273408	8	1
535.484000	0	18104000	2	1
536.084000	0	32887648	2	1
537.684000	0	13971200	8	1
541.269000	0	18233248	8	1
541.505000	0	18233312	4	1
553.324000	0	19273472	4	1
553.480000	0	19273536	4	1
562.186000	0	32349824	2	1
562.315000	0	20434432	4	1
562.446000	0	21992784	2	1
562.584000	0	30912288	2	1
562.726000	0	14514176	2	1
568.429000	0	704944	2	1
568.777000	0	662240	2	1
570.949000	0	21869840	2	1
578.052000	0	14514208	2	1
578.538000	0	18764592	2	1
585.889000	0	22646912	2	1
586.962000	0	32349840	8	1
587.097000	0	32349904	2	1
589.118000	0	21069088	2	1
589.555000	0	14514224	4	1
596.956000	0	30588272	2	1
599.915000	0	21064720	2	1
603.829000	0	30626784	2	1
604.383000	0	671024	2	1
604.926000	0	21900400	2	1
609.327000	0	21069104	8	1
609.554000	0	21069168	2	1
613.295000	0	20434464	2	1
614.719000	0	21838896	2	1
614.951000	0	22646928	8	1
622.844000	0	23216480	8	1
623.009000	0	23216544	4	1
624.052000	0	30107728	2	1
625.675000	0	30912608	2	1
627.662000	0	22646992	6	1
631.318000	0	11889696	2	1
631.474000	0	23191424	2	1
631.635000	0	23191456	2	1
631.795000	0	23191488	2	1
631.957000	0	34261680	8	1
638.168000	0	30919504	2	1
639.757000	0	18104016	8	1
639.991000	0	18104080	6	1
640.844000	0	13195632	2	1
641.076000	0	10741584	8	1
649.165000	0	20767376	2	1
649.331000	0	21390160	2	1
649.493000	0	20485920	8	1
649.661000	0	20485984	4	1
654.426000	0	20434480	2	1
659.755000	0	21399408	2	1
659.924000	0	23216576	4	1
663.276000	0	32887664	8	1
663.508000	0	32887728	6	1
673.549000	0	20434496	8	1
673.710000	0	696816	8	1
673.867000	0	696880	2	1
683.333000	0	23510976	2	1
683.494000	0	30813840	2	1
688.491000	0	30298912	2	1
688.653000	0	20767392	2	1
691.870000	0	21780496	2	1
700.680000	0	34246592	2	1
700.835000	0	10282704	8	1
701.807000	0	22966944	2	1
702.798000	0	20767408	2	1
703.047000	0	21390176	2	1
706.509000	0	22966960	8	1
706.663000	0	30910208	2	1
706.805000	0	24159456	2	1
706.943000	0	10741648	8	1
709.807000	0	30101344	2	1
718.836000	0	30752080	2	1
718.999000	0	20767424	2	1
719.937000	0	22967024	2	1
720.891000	0	22967136	4	1
723.560000	0	12684752	6	1
723.721000	0	10282768	8	1
728.057000	0	21390048	8	1
728.215000	0	21390112	4	1
728.387000	0	21390176	4	1
728.619000	0	31927600	4	1
729.796000	0	34261744	8	1
733.588000	0	14514384	2	1
733.750000	0	22190640	2	1
734.742000	0	20767440	2	1
734.908000	0	13279760	2	1
735.073000	0	8749376	2	1
735.317000	0	31676160	2	1
738.887000	0	21064736	2	1
739.051000	0	31927632	8	1
739.222000	0	705840	2	1
754.436000	0	31927696	4	1
754.600000	0	20767456	2	1
755.629000	0	22124112	2	1
755.950000	0	22190672	2	1
756.850000	0	33925616	2	1
761.832000	0	697360	2	1
765.529000	0	21390192	2	1
768.540000	0	22093248	2	1
771.178000	0	23191776	2	1
773.581000	0	22190736	2	1
776.407000	0	20767472	2	1
780.276000	0	22535648	8	1
783.734000	0	31477488	2	1
784.123000	0	31885040	2	1
787.300000	0	22202960	2	1
787.557000	0	33106784	8	1
787.793000	0	33106848	2	1
788.337000	0	13279776	2	1
790.802000	0	13971536	2	1
793.534000	0	30095632	2	1
793.694000	0	21462368	2	1
798.052000	0	18950912	8	1
800.307000	0	705888	2	1
803.540000	0	21602000	2	1
811.938000	0	19410944	8	1
812.185000	0	34246608	2	1
815.130000	0	21391360	2	1
818.676000	0	518848	2	1
820.924000	0	22389392	8	1
821.157000	0	18950976	8	1
821.381000	0	13279792	4	1
822.258000	0	13971552	8	1
828.746000	0	23327968	2	1
829.151000	0	13971616	6	1
834.767000	0	8562592	2	1
835.379000	0	12396112	8	1
835.606000	0	664528	2	1
836.500000	0	13195952	2	1
838.824000	0	21064752	2	1
847.127000	0	23511264	2	1
850.572000	0	33969328	2	1
858.913000	0	31103008	2	1
861.444000	0	698640	2	1
863.287000	0	8562608	4	1
870.831000	0	21954304	4	1
871.205000	0	22647296	8	1
871.438000	0	22647360	2	1
871.783000	0	23511296	2	1
874.899000	0	32234720	6	1
878.551000	0	20755840	8	1
878.712000	0	20755904	2	1
881.445000	0	8758208	2	1
882.214000	0	30501168	2	1
883.888000	0	12396176	8	1
885.660000	0	21954336	8	1
886.950000	0	30704160	2	1
894.623000	0	510448	4	1
895.455000	0	22647376	2	1
900.160000	0	21954400	4	1
908.784000	0	30916128	2	1
912.255000	0	32234768	8	1
912.482000	0	32234832	2	1
914.882000	0	510480	8	1
917.913000	0	20755936	4	1
920.708000	0	21069312	8	1
925.502000	0	21798192	2	1
931.263000	0	22647392	4	1
933.737000	0	510544	4	1
934.756000	0	30597648	2	1
937.226000	0	22083040	2	1
938.185000	0	21064768	2	1
945.969000	0	33258960	2	1
946.102000	0	21798176	2	1
947.133000	0	34246624	2	1
950.013000	0	31186768	2	1
951.422000	0	672560	2	1
951.558000	0	30629584	2	1
959.241000	0	21069392	2	1
959.371000	0	21798160	2	1
963.984000	0	22190896	2	1
966.092000	0	19273664	8	1
968.944000	0	22454688	2	1
969.691000	0	31223488	2	1
974.981000	0	31012080	2	1
980.022000	0	30760096	2	1
983.585000	0	22190944	2	1
987.850000	0	518944	2	1
990.540000	0	700784	2	1
992.556000	0	19273728	4	1
992.787000	0	19273792	4	1
999.469000	0	31011600	2	1
1002.649000	0	21573456	2	1
1004.338000	0	8753008	2	1
1015.001000	0	476528	4	1
1026.091000	0	701152	2	1
1026.220000	0	13196128	2	1
1030.318000	0	33640864	2	1
1030.546000	0	22505056	4	1
1031.343000	0	21390336	6	1
1033.821000	0	11762896	4	1
1035.091000	0	19411008	2	1
1044.448000	0	13196208	2	1
1050.366000	0	476560	8	1
1052.795000	0	22967328	4	1
1061.328000	0	30670336	2	1
1061.538000	0	19411024	6	1
1064.519000	0	21870672	2	1
1066.874000	0	22967360	8	1
1068.619000	0	23216608	6	1
1071.973000	0	11762928	8	1
1072.210000	0	476624	4	1
1072.550000	0	22274720	4	1
1080.056000	0	21870688	2	1
1083.422000	0	23511488	2	1
1085.381000	0	21552560	2	1
1090.825000	0	34567264	8	1
1090.963000	0	34567328	8	1
1092.309000	0	21390384	2	1
1095.618000	0	19481376	2	1
1095.855000	0	23511520	2	1
1100.799000	0	21613152	2	1
1101.425000	0	30397280	2	1
1104.236000	0	10819536	2	1
1104.391000	0	21390400	8	1
1104.663000	0	22191168	2	1
1106.840000	0	22967424	4	1
1108.426000	0	11762992	4	1
1119.981000	0	22945664	8	1
1120.110000	0	21613168	2	1
1120.253000	0	22945728	4	1
1120.386000	0	21613264	2	1
1120.527000	0	22945792	2	1
1120.676000	0	22191200	2	1
1122.865000	0	30546512	2	1
1130.687000	0	33640896	2	1
1131.710000	0	22274752	2	1
1135.934000	0	10282832	8	1
1136.321000	0	19881616	4	1
1136.550000	0	19881664	8	1
1142.081000	0	9875440	2	1
1147.456000	0	32062256	2	1
1149.553000	0	22945808	2	1
1155.251000	0	12684800	8	1
1155.409000	0	12684864	2	1
1159.501000	0	32375856	2	1
1160.093000	0	10282896	8	1
1165.284000	0	20434688	8	1
1165.430000	0	14514976	2	1
1165.569000	0	20434752	4	1
1167.082000	0	32062432	2	1
1174.745000	0	19481392	2	1
1174.903000	0	23044448	2	1
1175.064000	0	12396368	8	1
1175.229000	0	12396432	2	1
1184.562000	0	33640928	2	1
1186.369000	0	19481408	8	1
1189.860000	0	22274768	6	1
1190.019000	0	22274912	4	1
1200.935000	0	20434784	4	1
1201.092000	0	31330544	2	1
1201.418000	0	31755200	2	1
1202.240000	0	23192192	2	1
1204.706000	0	8562640	4	1
1214.326000	0	30883024	2	1
1214.675000	0	21607472	2	1
1217.184000	0	21878432	2	1
1223.798000	0	703088	6	1
1224.753000	0	12396448	6	1
1226.328000	0	8562672	8	1
1233.848000	0	30875824	2	1
1235.190000	0	23511744	4	1
1235.419000	0	23511792	2	1
1237.102000	0	23216672	2	1
1239.294000	0	18951168	8	1
1245.457000	0	13971792	8	1
1245.691000	0	10819552	2	1
1245.916000	0	13971856	4	1
1249.363000	0	19803744	8	1
1251.693000	0	8562736	4	1
1252.065000	0	23216688	6	1
1252.362000	0	23647680	2	1
1253.473000	0	21494464	2	1
1253.710000	0	30849312	2	1
1254.975000	0	21069568	4	1
1261.068000	0	9875456	8	1
1261.350000	0	9875520	2	1
1261.884000	0	31755552	2	1
1262.582000	0	34246640	2	1
1274.035000	0	18951232	8	1
1274.168000	0	19733248	8	1
1275.676000	0	31006912	2	1
1275.838000	0	19733312	2	1
1275.998000	0	33925632	8	1
1276.158000	0	33925696	4	1
1278.395000	0	13971888	4	1
1284.840000	0	22079904	2	1
1286.626000	0	22535712	8	1
1292.291000	0	703824	2	1
1296.675000	0	19803808	8	1
1296.839000	0	510576	4	1
1296.993000	0	13950032	6	1
1302.578000	0	22191392	2	1
1302.738000	0	31238048	2	1
1303.706000	0	23647760	2	1
1307.746000	0	23045040	2	1
1307.907000	0	21069600	8	1
1308.068000	0	21069664	4	1
1308.712000	0	17648304	2	1
1312.500000	0	22647552	8	1
1312.669000	0	22647616	4	1
1312.837000	0	23192480	2	1
1315.175000	0	510608	8	1
